

Microchip MPLAB XC8 Assembler V2.31 build 20201012212115 
                                                                                               Thu Feb 18 18:57:17 2021

Microchip MPLAB XC8 C Compiler v2.31 (Free license) build 20201012212115 Og1 
     1                           	processor	18F4331
     2                           	fnconf	rparam,??,?,0
     3                           	pagewidth 120
     4                           	opt	flic
     5                           	psect	cinit,global,reloc=2,class=CODE,delta=1
     6                           	psect	cstackCOMRAM,global,class=COMRAM,space=1,delta=1,lowdata,noexec
     7                           	psect	text0,global,reloc=2,class=CODE,delta=1
     8                           	psect	intcodelo,global,reloc=2,class=CODE,delta=1
     9                           	psect	intcode,global,reloc=2,class=CODE,delta=1
    10                           	psect	intcode_body,global,reloc=2,class=CODE,delta=1
    11                           	psect	intsave_regs,global,class=BIGRAM,space=1,delta=1,noexec
    12                           	psect	rparam,global,class=COMRAM,space=1,delta=1,noexec
    13                           	psect	temp,global,ovrld,common,class=COMRAM,space=1,delta=1
    14                           	psect	idloc,global,abs,ovrld,class=IDLOC,space=5,delta=1,noexec
    15                           	psect	config,global,abs,ovrld,class=CONFIG,space=4,delta=1,noexec
    16  0000                     
    17                           ; Version 2.20
    18                           ; Generated 12/02/2020 GMT
    19                           ; 
    20                           ; Copyright © 2020, Microchip Technology Inc. and its subsidiaries ("Microchip")
    21                           ; All rights reserved.
    22                           ; 
    23                           ; This software is developed by Microchip Technology Inc. and its subsidiaries ("Microch
      +                          ip").
    24                           ; 
    25                           ; Redistribution and use in source and binary forms, with or without modification, are
    26                           ; permitted provided that the following conditions are met:
    27                           ; 
    28                           ;     1. Redistributions of source code must retain the above copyright notice, this lis
      +                          t of
    29                           ;        conditions and the following disclaimer.
    30                           ; 
    31                           ;     2. Redistributions in binary form must reproduce the above copyright notice, this 
      +                          list
    32                           ;        of conditions and the following disclaimer in the documentation and/or other
    33                           ;        materials provided with the distribution.
    34                           ; 
    35                           ;     3. Microchip's name may not be used to endorse or promote products derived from th
      +                          is
    36                           ;        software without specific prior written permission.
    37                           ; 
    38                           ; THIS SOFTWARE IS PROVIDED BY MICROCHIP "AS IS" AND ANY EXPRESS OR IMPLIED WARRANTIES,
    39                           ; INCLUDING, BUT NOT LIMITED TO, THE IMPLIED WARRANTIES OF MERCHANTABILITY AND FITNESS F
      +                          OR
    40                           ; PURPOSE ARE DISCLAIMED.  IN NO EVENT SHALL MICROCHIP BE LIABLE FOR ANY DIRECT, INDIREC
      +                          T,
    41                           ; INCIDENTAL, SPECIAL, EXEMPLARY, OR CONSEQUENTIAL DAMAGES (INCLUDING BUT NOT LIMITED TO
    42                           ; PROCUREMENT OF SUBSTITUTE GOODS OR SERVICES; LOSS OF USE, DATA OR PROFITS; OR BUSINESS
    43                           ; INTERRUPTION) HOWSOEVER CAUSED AND ON ANY THEORY OF LIABILITY, WHETHER IN CONTRACT, ST
      +                          RICT
    44                           ; LIABILITY, OR TORT (INCLUDING NEGLIGENCE OR OTHERWISE) ARISING IN ANY WAY OUT OF THE U
      +                          SE OF
    45                           ; THIS SOFTWARE, EVEN IF ADVISED OF THE POSSIBILITY OF SUCH DAMAGE.
    46                           ; 
    47                           ; 
    48                           ; Code-generator required, PIC18F4331 Definitions
    49                           ; 
    50                           ; SFR Addresses
    51  0000                     _INTCON2bits	set	4081
    52  0000                     _RCONbits	set	4048
    53  0000                     _TRISBbits	set	3987
    54  0000                     _TRISCbits	set	3988
    55  0000                     _INTCON3bits	set	4080
    56  0000                     _LATBbits	set	3978
    57  0000                     _INTCONbits	set	4082
    58                           
    59                           ; #config settings
    60                           
    61                           	psect	cinit
    62  00011E                     __pcinit:
    63                           	callstack 0
    64  00011E                     start_initialization:
    65                           	callstack 0
    66  00011E                     __initialization:
    67                           	callstack 0
    68  00011E                     end_of_initialization:
    69                           	callstack 0
    70  00011E                     __end_of__initialization:
    71                           	callstack 0
    72  00011E  9006               	bcf	int$flags,0,c	;clear compiler interrupt flag (level 1)
    73  000120  9206               	bcf	int$flags,1,c	;clear compiler interrupt flag (level 2)
    74  000122  0100               	movlb	0
    75  000124  EF79  F000         	goto	_main	;jump to C main() function
    76                           
    77                           	psect	cstackCOMRAM
    78  000001                     __pcstackCOMRAM:
    79                           	callstack 0
    80  000001                     ??_high_isr:
    81  000001                     
    82                           ; 1 bytes @ 0x0
    83  000001                     	ds	1
    84  000002                     ??_low_isr:
    85                           
    86                           ; 1 bytes @ 0x1
    87  000002                     	ds	4
    88  000006                     
    89                           ; 1 bytes @ 0x5
    90 ;;
    91 ;;Main: autosize = 0, tempsize = 0, incstack = 0, save=0
    92 ;;
    93 ;; *************** function _main *****************
    94 ;; Defined at:
    95 ;;		line 108 in file "homework4_2.c"
    96 ;; Parameters:    Size  Location     Type
    97 ;;		None
    98 ;; Auto vars:     Size  Location     Type
    99 ;;		None
   100 ;; Return value:  Size  Location     Type
   101 ;;                  1    wreg      void 
   102 ;; Registers used:
   103 ;;		None
   104 ;; Tracked objects:
   105 ;;		On entry : 0/0
   106 ;;		On exit  : 0/0
   107 ;;		Unchanged: 0/0
   108 ;; Data sizes:     COMRAM   BANK0   BANK1   BANK2
   109 ;;      Params:         0       0       0       0
   110 ;;      Locals:         0       0       0       0
   111 ;;      Temps:          0       0       0       0
   112 ;;      Totals:         0       0       0       0
   113 ;;Total ram usage:        0 bytes
   114 ;; Hardware stack levels required when called:    2
   115 ;; This function calls:
   116 ;;		Nothing
   117 ;; This function is called by:
   118 ;;		Startup code after reset
   119 ;; This function uses a non-reentrant model
   120 ;;
   121                           
   122                           	psect	text0
   123  0000F2                     __ptext0:
   124                           	callstack 0
   125  0000F2                     _main:
   126                           	callstack 29
   127  0000F2                     
   128                           ;homework4_2.c: 109:     TRISCbits.RC3=1;
   129  0000F2  8694               	bsf	148,3,c	;volatile
   130                           
   131                           ;homework4_2.c: 110:     TRISCbits.RC4=1;
   132  0000F4  8894               	bsf	148,4,c	;volatile
   133                           
   134                           ;homework4_2.c: 111:     TRISBbits.RB0=0;
   135  0000F6  9093               	bcf	147,0,c	;volatile
   136                           
   137                           ;homework4_2.c: 112:     TRISBbits.RB1=0;
   138  0000F8  9293               	bcf	147,1,c	;volatile
   139                           
   140                           ;homework4_2.c: 113:     TRISBbits.RB2=0;
   141  0000FA  9493               	bcf	147,2,c	;volatile
   142                           
   143                           ;homework4_2.c: 114:     TRISBbits.RB3=0;
   144  0000FC  9693               	bcf	147,3,c	;volatile
   145                           
   146                           ;homework4_2.c: 117:     LATBbits.LB0 = 0;
   147  0000FE  908A               	bcf	138,0,c	;volatile
   148                           
   149                           ;homework4_2.c: 118:     LATBbits.LB1 = 0;
   150  000100  928A               	bcf	138,1,c	;volatile
   151                           
   152                           ;homework4_2.c: 119:     LATBbits.LB2 = 0;
   153  000102  948A               	bcf	138,2,c	;volatile
   154                           
   155                           ;homework4_2.c: 120:     LATBbits.LB3 = 0;
   156  000104  968A               	bcf	138,3,c	;volatile
   157                           
   158                           ;homework4_2.c: 122:     RCONbits.IPEN = 1;
   159  000106  8ED0               	bsf	208,7,c	;volatile
   160                           
   161                           ;homework4_2.c: 124:     INTCON3bits.INT1E = 1;
   162  000108  86F0               	bsf	240,3,c	;volatile
   163                           
   164                           ;homework4_2.c: 125:     INTCON3bits.INT1P = 0;
   165  00010A  9CF0               	bcf	240,6,c	;volatile
   166                           
   167                           ;homework4_2.c: 126:     INTCON2bits.INTEDG1 = 1;
   168  00010C  8AF1               	bsf	241,5,c	;volatile
   169                           
   170                           ;homework4_2.c: 128:     INTCONbits.INT0IE = 1;
   171  00010E  88F2               	bsf	242,4,c	;volatile
   172                           
   173                           ;homework4_2.c: 129:     INTCON2bits.INTEDG0 = 1;
   174  000110  8CF1               	bsf	241,6,c	;volatile
   175                           
   176                           ;homework4_2.c: 131:     INTCONbits.GIEH = 1;
   177  000112  8EF2               	bsf	242,7,c	;volatile
   178                           
   179                           ;homework4_2.c: 132:     INTCONbits.GIEL = 1;
   180  000114  8CF2               	bsf	242,6,c	;volatile
   181  000116                     l31:
   182  000116  EF8B  F000         	goto	l31
   183  00011A  EF49  F000         	goto	start
   184  00011E                     __end_of_main:
   185                           	callstack 0
   186                           
   187 ;; *************** function _low_isr *****************
   188 ;; Defined at:
   189 ;;		line 98 in file "homework4_2.c"
   190 ;; Parameters:    Size  Location     Type
   191 ;;		None
   192 ;; Auto vars:     Size  Location     Type
   193 ;;		None
   194 ;; Return value:  Size  Location     Type
   195 ;;                  1    wreg      void 
   196 ;; Registers used:
   197 ;;		wreg, status,2, status,0
   198 ;; Tracked objects:
   199 ;;		On entry : 0/0
   200 ;;		On exit  : 0/0
   201 ;;		Unchanged: 0/0
   202 ;; Data sizes:     COMRAM   BANK0   BANK1   BANK2
   203 ;;      Params:         0       0       0       0
   204 ;;      Locals:         0       0       0       0
   205 ;;      Temps:          4       0       0       0
   206 ;;      Totals:         4       0       0       0
   207 ;;Total ram usage:        4 bytes
   208 ;; Hardware stack levels used:    1
   209 ;; Hardware stack levels required when called:    1
   210 ;; This function calls:
   211 ;;		Nothing
   212 ;; This function is called by:
   213 ;;		Interrupt level 1
   214 ;; This function uses a non-reentrant model
   215 ;;
   216                           
   217                           	psect	intcodelo
   218  000018                     __pintcodelo:
   219                           	callstack 0
   220  000018                     _low_isr:
   221                           	callstack 29
   222                           
   223                           ;incstack = 0
   224  000018  8006               	bsf	int$flags,0,c	;set compiler interrupt flag (level 1)
   225  00001A  CFD8 F003          	movff	status,??_low_isr+1
   226  00001E  CFE8 F004          	movff	wreg,??_low_isr+2
   227  000022  CFE0 F005          	movff	bsr,??_low_isr+3
   228  000026                     
   229                           ;homework4_2.c: 99:     INTCONbits.GIEH = 0;
   230  000026  9EF2               	bcf	242,7,c	;volatile
   231                           
   232                           ;homework4_2.c: 100:     if(INTCON3bits.INT1IF){
   233  000028  A0F0               	btfss	240,0,c	;volatile
   234  00002A  EF19  F000         	goto	i1u4_21
   235  00002E  EF1B  F000         	goto	i1u4_20
   236  000032                     i1u4_21:
   237  000032  EF40  F000         	goto	i1l724
   238  000036                     i1u4_20:
   239  000036                     
   240                           ;homework4_2.c: 101:         LATBbits.LB1 = ~LATBbits.LB1;
   241  000036  B28A               	btfsc	138,1,c	;volatile
   242  000038  EF20  F000         	goto	i1u5_21
   243  00003C  EF23  F000         	goto	i1u5_20
   244  000040                     i1u5_21:
   245  000040  0E01               	movlw	1
   246  000042  EF24  F000         	goto	i1u5_26
   247  000046                     i1u5_20:
   248  000046  0E00               	movlw	0
   249  000048                     i1u5_26:
   250  000048  0AFF               	xorlw	255
   251  00004A  6E02               	movwf	??_low_isr^0,c
   252  00004C  4602               	rlncf	??_low_isr^0,f,c
   253  00004E  508A               	movf	138,w,c	;volatile
   254  000050  1802               	xorwf	??_low_isr^0,w,c
   255  000052  0BFD               	andlw	-3
   256  000054  1802               	xorwf	??_low_isr^0,w,c
   257  000056  6E8A               	movwf	138,c	;volatile
   258                           
   259                           ;homework4_2.c: 102:         LATBbits.LB3 = ~LATBbits.LB3;
   260  000058  B68A               	btfsc	138,3,c	;volatile
   261  00005A  EF31  F000         	goto	i1u6_21
   262  00005E  EF34  F000         	goto	i1u6_20
   263  000062                     i1u6_21:
   264  000062  0E01               	movlw	1
   265  000064  EF35  F000         	goto	i1u6_26
   266  000068                     i1u6_20:
   267  000068  0E00               	movlw	0
   268  00006A                     i1u6_26:
   269  00006A  0AFF               	xorlw	255
   270  00006C  6E02               	movwf	??_low_isr^0,c
   271  00006E  4602               	rlncf	??_low_isr^0,f,c
   272  000070  4602               	rlncf	??_low_isr^0,f,c
   273  000072  4602               	rlncf	??_low_isr^0,f,c
   274  000074  508A               	movf	138,w,c	;volatile
   275  000076  1802               	xorwf	??_low_isr^0,w,c
   276  000078  0BF7               	andlw	-9
   277  00007A  1802               	xorwf	??_low_isr^0,w,c
   278  00007C  6E8A               	movwf	138,c	;volatile
   279  00007E                     
   280                           ;homework4_2.c: 103:         INTCON3bits.INT1IF = 0;
   281  00007E  90F0               	bcf	240,0,c	;volatile
   282  000080                     i1l724:
   283                           
   284                           ;homework4_2.c: 105:     INTCONbits.GIEH = 1;
   285  000080  8EF2               	bsf	242,7,c	;volatile
   286  000082  C005  FFE0         	movff	??_low_isr+3,bsr
   287  000086  C004  FFE8         	movff	??_low_isr+2,wreg
   288  00008A  C003  FFD8         	movff	??_low_isr+1,status
   289  00008E  9006               	bcf	int$flags,0,c	;clear compiler interrupt flag (level 1)
   290  000090  0010               	retfie	
   291  000092                     __end_of_low_isr:
   292                           	callstack 0
   293                           
   294 ;; *************** function _high_isr *****************
   295 ;; Defined at:
   296 ;;		line 87 in file "homework4_2.c"
   297 ;; Parameters:    Size  Location     Type
   298 ;;		None
   299 ;; Auto vars:     Size  Location     Type
   300 ;;		None
   301 ;; Return value:  Size  Location     Type
   302 ;;                  1    wreg      void 
   303 ;; Registers used:
   304 ;;		wreg, status,2, status,0
   305 ;; Tracked objects:
   306 ;;		On entry : 0/0
   307 ;;		On exit  : 0/0
   308 ;;		Unchanged: 0/0
   309 ;; Data sizes:     COMRAM   BANK0   BANK1   BANK2
   310 ;;      Params:         0       0       0       0
   311 ;;      Locals:         0       0       0       0
   312 ;;      Temps:          1       0       0       0
   313 ;;      Totals:         1       0       0       0
   314 ;;Total ram usage:        1 bytes
   315 ;; Hardware stack levels used:    1
   316 ;; This function calls:
   317 ;;		Nothing
   318 ;; This function is called by:
   319 ;;		Interrupt level 2
   320 ;; This function uses a non-reentrant model
   321 ;;
   322                           
   323                           	psect	intcode
   324  000008                     __pintcode:
   325                           	callstack 0
   326  000008                     _high_isr:
   327                           	callstack 29
   328                           
   329                           ;incstack = 0
   330  000008  8206               	bsf	int$flags,1,c	;set compiler interrupt flag (level 2)
   331  00000A  EF4B  F000         	goto	int_func
   332                           
   333                           	psect	intcode_body
   334  000096                     __pintcode_body:
   335                           	callstack 29
   336  000096                     int_func:
   337                           	callstack 29
   338  000096                     
   339                           ;homework4_2.c: 88:     INTCONbits.GIEH = 0;
   340  000096  9EF2               	bcf	242,7,c	;volatile
   341                           
   342                           ;homework4_2.c: 89:     if(INTCONbits.INT0IF){
   343  000098  A2F2               	btfss	242,1,c	;volatile
   344  00009A  EF51  F000         	goto	i2u1_41
   345  00009E  EF53  F000         	goto	i2u1_40
   346  0000A2                     i2u1_41:
   347  0000A2  EF76  F000         	goto	i2l716
   348  0000A6                     i2u1_40:
   349  0000A6                     
   350                           ;homework4_2.c: 90:         LATBbits.LB0 = ~LATBbits.LB0;
   351  0000A6  B08A               	btfsc	138,0,c	;volatile
   352  0000A8  EF58  F000         	goto	i2u2_41
   353  0000AC  EF5B  F000         	goto	i2u2_40
   354  0000B0                     i2u2_41:
   355  0000B0  0E01               	movlw	1
   356  0000B2  EF5C  F000         	goto	i2u2_46
   357  0000B6                     i2u2_40:
   358  0000B6  0E00               	movlw	0
   359  0000B8                     i2u2_46:
   360  0000B8  0AFF               	xorlw	255
   361  0000BA  6E01               	movwf	??_high_isr^0,c
   362  0000BC  508A               	movf	138,w,c	;volatile
   363  0000BE  1801               	xorwf	??_high_isr^0,w,c
   364  0000C0  0BFE               	andlw	-2
   365  0000C2  1801               	xorwf	??_high_isr^0,w,c
   366  0000C4  6E8A               	movwf	138,c	;volatile
   367                           
   368                           ;homework4_2.c: 91:         LATBbits.LB2 = ~LATBbits.LB2;
   369  0000C6  B48A               	btfsc	138,2,c	;volatile
   370  0000C8  EF68  F000         	goto	i2u3_41
   371  0000CC  EF6B  F000         	goto	i2u3_40
   372  0000D0                     i2u3_41:
   373  0000D0  0E01               	movlw	1
   374  0000D2  EF6C  F000         	goto	i2u3_46
   375  0000D6                     i2u3_40:
   376  0000D6  0E00               	movlw	0
   377  0000D8                     i2u3_46:
   378  0000D8  0AFF               	xorlw	255
   379  0000DA  6E01               	movwf	??_high_isr^0,c
   380  0000DC  4601               	rlncf	??_high_isr^0,f,c
   381  0000DE  4601               	rlncf	??_high_isr^0,f,c
   382  0000E0  508A               	movf	138,w,c	;volatile
   383  0000E2  1801               	xorwf	??_high_isr^0,w,c
   384  0000E4  0BFB               	andlw	-5
   385  0000E6  1801               	xorwf	??_high_isr^0,w,c
   386  0000E8  6E8A               	movwf	138,c	;volatile
   387  0000EA                     
   388                           ;homework4_2.c: 92:         INTCONbits.INT0IF = 0;
   389  0000EA  92F2               	bcf	242,1,c	;volatile
   390  0000EC                     i2l716:
   391                           
   392                           ;homework4_2.c: 94:     INTCONbits.GIEH = 1;
   393  0000EC  8EF2               	bsf	242,7,c	;volatile
   394  0000EE  9206               	bcf	int$flags,1,c	;clear compiler interrupt flag (level 2)
   395  0000F0  0011               	retfie		f
   396  0000F2                     __end_of_high_isr:
   397                           	callstack 0
   398  0000                     
   399                           	psect	rparam
   400  0000                     
   401                           	psect	temp
   402  000006                     btemp:
   403                           	callstack 0
   404  000006                     	ds	1
   405  0000                     int$flags	set	btemp
   406  0000                     wtemp8	set	btemp+1
   407  0000                     ttemp5	set	btemp+1
   408  0000                     ttemp6	set	btemp+4
   409  0000                     ttemp7	set	btemp+8
   410                           
   411                           	psect	idloc
   412                           
   413                           ;Config register IDLOC0 @ 0x200000
   414                           ;	unspecified, using default values
   415  200000                     	org	2097152
   416  200000  FF                 	db	255
   417                           
   418                           ;Config register IDLOC1 @ 0x200001
   419                           ;	unspecified, using default values
   420  200001                     	org	2097153
   421  200001  FF                 	db	255
   422                           
   423                           ;Config register IDLOC2 @ 0x200002
   424                           ;	unspecified, using default values
   425  200002                     	org	2097154
   426  200002  FF                 	db	255
   427                           
   428                           ;Config register IDLOC3 @ 0x200003
   429                           ;	unspecified, using default values
   430  200003                     	org	2097155
   431  200003  FF                 	db	255
   432                           
   433                           ;Config register IDLOC4 @ 0x200004
   434                           ;	unspecified, using default values
   435  200004                     	org	2097156
   436  200004  FF                 	db	255
   437                           
   438                           ;Config register IDLOC5 @ 0x200005
   439                           ;	unspecified, using default values
   440  200005                     	org	2097157
   441  200005  FF                 	db	255
   442                           
   443                           ;Config register IDLOC6 @ 0x200006
   444                           ;	unspecified, using default values
   445  200006                     	org	2097158
   446  200006  FF                 	db	255
   447                           
   448                           ;Config register IDLOC7 @ 0x200007
   449                           ;	unspecified, using default values
   450  200007                     	org	2097159
   451  200007  FF                 	db	255
   452                           
   453                           	psect	config
   454                           
   455                           ; Padding undefined space
   456  300000                     	org	3145728
   457  300000  FF                 	db	255
   458                           
   459                           ;Config register CONFIG1H @ 0x300001
   460                           ;	Oscillator Selection bits
   461                           ;	OSC = IRCIO, Internal oscillator block, port function on RA6 and port function on RA7
   462                           ;	Fail-Safe Clock Monitor Enable bit
   463                           ;	FCMEN = ON, Fail-Safe Clock Monitor enabled
   464                           ;	Internal External Oscillator Switchover bit
   465                           ;	IESO = ON, Internal External Switchover mode enabled
   466  300001                     	org	3145729
   467  300001  C8                 	db	200
   468                           
   469                           ;Config register CONFIG2L @ 0x300002
   470                           ;	Power-up Timer Enable bit
   471                           ;	PWRTEN = OFF, PWRT disabled
   472                           ;	Brown-out Reset Enable bits
   473                           ;	BOREN = OFF, Brown-out Reset disabled
   474                           ;	Brown Out Reset Voltage bits
   475                           ;	BORV = 0x3, unprogrammed default
   476  300002                     	org	3145730
   477  300002  0D                 	db	13
   478                           
   479                           ;Config register CONFIG2H @ 0x300003
   480                           ;	Watchdog Timer Enable bit
   481                           ;	WDTEN = OFF, WDT disabled (control is placed on the SWDTEN bit)
   482                           ;	Watchdog Timer Postscale Select bits
   483                           ;	WDPS = 32768, 1:32768
   484                           ;	Watchdog Timer Window Enable bit
   485                           ;	WINEN = OFF, WDT window disabled
   486  300003                     	org	3145731
   487  300003  3E                 	db	62
   488                           
   489                           ;Config register CONFIG3L @ 0x300004
   490                           ;	PWM output pins Reset state control
   491                           ;	PWMPIN = OFF, PWM outputs disabled upon Reset (default)
   492                           ;	Low-Side Transistors Polarity
   493                           ;	LPOL = HIGH, PWM0, 2, 4 and 6 are active-high
   494                           ;	High-Side Transistors Polarity
   495                           ;	HPOL = HIGH, PWM1, 3, 5 and 7 are active-high
   496                           ;	Timer1 Oscillator MUX
   497                           ;	T1OSCMX = ON, Low-power Timer1 operation when microcontroller is in Sleep mode
   498  300004                     	org	3145732
   499  300004  3C                 	db	60
   500                           
   501                           ;Config register CONFIG3H @ 0x300005
   502                           ;	FLTA MUX bit
   503                           ;	FLTAMX = RC1, FLTA input is multiplexed with RC1
   504                           ;	SSP I/O MUX bit
   505                           ;	SSPMX = RC7, SCK/SCL clocks and SDA/SDI data are multiplexed with RC5 and RC4, respect
      +                          ively. SDO output is multiplexed with RC7.
   506                           ;	PWM4 MUX bit
   507                           ;	PWM4MX = RB5, PWM4 output is multiplexed with RB5
   508                           ;	TMR0/T5CKI External clock MUX bit
   509                           ;	EXCLKMX = RC3, TMR0/T5CKI external clock input is multiplexed with RC3
   510                           ;	MCLR Pin Enable bit
   511                           ;	MCLRE = ON, Enabled
   512  300005                     	org	3145733
   513  300005  9D                 	db	157
   514                           
   515                           ;Config register CONFIG4L @ 0x300006
   516                           ;	Stack Full/Underflow Reset Enable bit
   517                           ;	STVREN = OFF, Stack full/underflow will not cause Reset
   518                           ;	Low-Voltage ICSP Enable bit
   519                           ;	LVP = OFF, Low-voltage ICSP disabled
   520                           ;	Background Debugger Enable bit
   521                           ;	DEBUG = 0x1, unprogrammed default
   522  300006                     	org	3145734
   523  300006  80                 	db	128
   524                           
   525                           ; Padding undefined space
   526  300007                     	org	3145735
   527  300007  FF                 	db	255
   528                           
   529                           ;Config register CONFIG5L @ 0x300008
   530                           ;	Code Protection bit
   531                           ;	CP0 = OFF, Block 0 (000200-000FFFh) not code-protected
   532                           ;	Code Protection bit
   533                           ;	CP1 = OFF, Block 1 (001000-001FFF) not code-protected
   534  300008                     	org	3145736
   535  300008  0F                 	db	15
   536                           
   537                           ;Config register CONFIG5H @ 0x300009
   538                           ;	Boot Block Code Protection bit
   539                           ;	CPB = OFF, Boot Block (000000-0001FFh) not code-protected
   540                           ;	Data EEPROM Code Protection bit
   541                           ;	CPD = OFF, Data EEPROM not code-protected
   542  300009                     	org	3145737
   543  300009  C0                 	db	192
   544                           
   545                           ;Config register CONFIG6L @ 0x30000A
   546                           ;	Write Protection bit
   547                           ;	WRT0 = OFF, Block 0 (000200-000FFFh) not write-protected
   548                           ;	Write Protection bit
   549                           ;	WRT1 = OFF, Block 1 (001000-001FFF) not write-protected
   550  30000A                     	org	3145738
   551  30000A  0F                 	db	15
   552                           
   553                           ;Config register CONFIG6H @ 0x30000B
   554                           ;	Configuration Register Write Protection bit
   555                           ;	WRTC = OFF, Configuration registers (300000-3000FFh) not write-protected
   556                           ;	Boot Block Write Protection bit
   557                           ;	WRTB = OFF, Boot Block (000000-0001FFh) not write-protected
   558                           ;	Data EEPROM Write Protection bit
   559                           ;	WRTD = OFF, Data EEPROM not write-protected
   560  30000B                     	org	3145739
   561  30000B  E0                 	db	224
   562                           
   563                           ;Config register CONFIG7L @ 0x30000C
   564                           ;	Table Read Protection bit
   565                           ;	EBTR0 = OFF, Block 0 (000200-000FFFh) not protected from table reads executed in other
      +                           blocks
   566                           ;	Table Read Protection bit
   567                           ;	EBTR1 = OFF, Block 1 (001000-001FFF) not protected from table reads executed in other 
      +                          blocks
   568  30000C                     	org	3145740
   569  30000C  0F                 	db	15
   570                           
   571                           ;Config register CONFIG7H @ 0x30000D
   572                           ;	Boot Block Table Read Protection bit
   573                           ;	EBTRB = OFF, Boot Block (000000-0001FFh) not protected from table reads executed in ot
      +                          her blocks
   574  30000D                     	org	3145741
   575  30000D  40                 	db	64
   576                           tosu	equ	0xFFF
   577                           tosh	equ	0xFFE
   578                           tosl	equ	0xFFD
   579                           stkptr	equ	0xFFC
   580                           pclatu	equ	0xFFB
   581                           pclath	equ	0xFFA
   582                           pcl	equ	0xFF9
   583                           tblptru	equ	0xFF8
   584                           tblptrh	equ	0xFF7
   585                           tblptrl	equ	0xFF6
   586                           tablat	equ	0xFF5
   587                           prodh	equ	0xFF4
   588                           prodl	equ	0xFF3
   589                           indf0	equ	0xFEF
   590                           postinc0	equ	0xFEE
   591                           postdec0	equ	0xFED
   592                           preinc0	equ	0xFEC
   593                           plusw0	equ	0xFEB
   594                           fsr0h	equ	0xFEA
   595                           fsr0l	equ	0xFE9
   596                           wreg	equ	0xFE8
   597                           indf1	equ	0xFE7
   598                           postinc1	equ	0xFE6
   599                           postdec1	equ	0xFE5
   600                           preinc1	equ	0xFE4
   601                           plusw1	equ	0xFE3
   602                           fsr1h	equ	0xFE2
   603                           fsr1l	equ	0xFE1
   604                           bsr	equ	0xFE0
   605                           indf2	equ	0xFDF
   606                           postinc2	equ	0xFDE
   607                           postdec2	equ	0xFDD
   608                           preinc2	equ	0xFDC
   609                           plusw2	equ	0xFDB
   610                           fsr2h	equ	0xFDA
   611                           fsr2l	equ	0xFD9
   612                           status	equ	0xFD8

Data Sizes:
    Strings     0
    Constant    0
    Data        0
    BSS         0
    Persistent  0
    Stack       0

Auto Spaces:
    Space          Size  Autos    Used
    COMRAM           94      5       5
    BANK0           160      0       0
    BANK1           256      0       0
    BANK2           256      0       0

Pointer List with Targets:

    None.

Critical Paths under _main in COMRAM

    None.

Critical Paths under _low_isr in COMRAM

    None.

Critical Paths under _high_isr in COMRAM

    None.

Critical Paths under _main in BANK0

    None.

Critical Paths under _low_isr in BANK0

    None.

Critical Paths under _high_isr in BANK0

    None.

Critical Paths under _main in BANK1

    None.

Critical Paths under _low_isr in BANK1

    None.

Critical Paths under _high_isr in BANK1

    None.

Critical Paths under _main in BANK2

    None.

Critical Paths under _low_isr in BANK2

    None.

Critical Paths under _high_isr in BANK2

    None.

Call Graph Tables:

 ---------------------------------------------------------------------------------
 (Depth) Function   	        Calls       Base Space   Used Autos Params    Refs
 ---------------------------------------------------------------------------------
 (0) _main                                                 0     0      0       0
 ---------------------------------------------------------------------------------
 Estimated maximum stack depth 0
 ---------------------------------------------------------------------------------
 (Depth) Function   	        Calls       Base Space   Used Autos Params    Refs
 ---------------------------------------------------------------------------------
 (1) _low_isr                                              4     4      0       0
                                              1 COMRAM     4     4      0
 ---------------------------------------------------------------------------------
 Estimated maximum stack depth 1
 ---------------------------------------------------------------------------------
 (Depth) Function   	        Calls       Base Space   Used Autos Params    Refs
 ---------------------------------------------------------------------------------
 (2) _high_isr                                             1     1      0       0
                                              0 COMRAM     1     1      0
 ---------------------------------------------------------------------------------
 Estimated maximum stack depth 2
 ---------------------------------------------------------------------------------

 Call Graph Graphs:

 _main (ROOT)

 _low_isr (ROOT)

 _high_isr (ROOT)

 Address spaces:
Name               Size   Autos  Total    Cost      Usage
BITCOMRAM           5E      0       0       0        0.0%
EEDATA             100      0       0       0        0.0%
NULL                 0      0       0       0        0.0%
CODE                 0      0       0       0        0.0%
COMRAM              5E      5       5       1        5.3%
STACK                0      0       0       2        0.0%
ABS                  0      0       0       3        0.0%
BITBANK0            A0      0       0       4        0.0%
BANK0               A0      0       0       5        0.0%
BITBANK1           100      0       0       6        0.0%
BANK1              100      0       0       7        0.0%
BITBANK2           100      0       0       8        0.0%
BANK2              100      0       0       9        0.0%
BIGRAM             2FF      0       0      10        0.0%
DATA                 0      0       0      11        0.0%
BITSFR               0      0       0     200        0.0%
SFR                  0      0       0     200        0.0%


Microchip Technology PIC18 Macro Assembler V2.31 build 20201012212115 
Symbol Table                                                                                   Thu Feb 18 18:57:17 2021

                     l31 0116                       l32 0116                       bsr 000FE0  
                    l726 00F2                      wreg 000FE8                     i1l26 0082  
                   i2l20 00EE                     _main 00F2                     btemp 0006  
                   start 0092             ___param_bank 000000                    ?_main 0001  
                  i1l720 0036                    i1l722 007E                    i1l724 0080  
                  i1l718 0026                    i2l710 0096                    i2l712 00A6  
                  i2l714 00EA                    i2l716 00EC          __end_of_low_isr 0092  
                  ttemp5 0007                    ttemp6 000A                    ttemp7 000E  
                  status 000FD8                    wtemp8 0007          __initialization 011E  
           __end_of_main 011E                   ??_main 0006            __activetblptr 000000  
                 i1u4_20 0036                   i1u4_21 0032                   i1u5_20 0046  
                 i1u5_21 0040                   i2u1_40 00A6                   i2u1_41 00A2  
                 i1u5_26 0048                   i1u6_20 0068                   i1u6_21 0062  
                 i2u2_40 00B6                   i2u2_41 00B0                   i1u6_26 006A  
                 i2u2_46 00B8                   i2u3_40 00D6                   i2u3_41 00D0  
                 i2u3_46 00D8         __end_of_high_isr 00F2                ??_low_isr 0002  
             __accesstop 0060  __end_of__initialization 011E            ___rparam_used 000001  
         __pcstackCOMRAM 0001                ?_high_isr 0001                  __Hparam 0000  
                __Lparam 0000                  __pcinit 011E                  __ramtop 0300  
                __ptext0 00F2                  _low_isr 0018               ??_high_isr 0001  
         __pintcode_body 0096     end_of_initialization 011E                  int_func 0096  
              _TRISBbits 000F93                _TRISCbits 000F94      start_initialization 011E  
      __size_of_high_isr 00EA                __pintcode 0008              __pintcodelo 0018  
               ?_low_isr 0001                 _LATBbits 000F8A                 _RCONbits 000FD0  
            _INTCON2bits 000FF1              _INTCON3bits 000FF0                 __Hrparam 0000  
               __Lrparam 0000         __size_of_low_isr 007A                 _high_isr 0008  
          __size_of_main 002C                 int$flags 0006               _INTCONbits 000FF2  
               intlevel1 0000                 intlevel2 0000  
